<?xml version="1.0" encoding="UTF-8"?>
<!-- Generated by org.testng.reporters.JUnitReportReporter -->
<testsuite hostname="Sachin" failures="0" tests="4" name="org.testng.classA" time="0.017" errors="0" timestamp="2022-12-27T09:12:49 IST" skipped="0">
  <testcase classname="org.testng.classA" name="test3" time="0.002"/>
  <system-out/>
  <testcase classname="org.testng.classA" name="test2" time="0.002"/>
  <system-out/>
  <testcase classname="org.testng.classA" name="test4" time="0.002"/>
  <system-out/>
  <testcase classname="org.testng.classA" name="test1" time="0.011"/>
  <system-out/>
</testsuite> <!-- org.testng.classA -->
