<?xml version="1.0" encoding="UTF-8"?>
<!-- Generated by org.testng.reporters.JUnitReportReporter -->
<testsuite hostname="Sachin" failures="0" tests="4" name="org.testng.ClassB" time="0.007" errors="0" timestamp="2022-12-27T09:12:49 IST" skipped="0">
  <testcase classname="org.testng.ClassB" name="test3" time="0.002"/>
  <system-out/>
  <testcase classname="org.testng.ClassB" name="test2" time="0.001"/>
  <system-out/>
  <testcase classname="org.testng.ClassB" name="test1" time="0.001"/>
  <system-out/>
  <testcase classname="org.testng.ClassB" name="test4" time="0.003"/>
  <system-out/>
</testsuite> <!-- org.testng.ClassB -->
