<?xml version="1.0" encoding="UTF-8"?>
<!-- Generated by org.testng.reporters.JUnitReportReporter -->
<testsuite hostname="Sachin" failures="0" tests="6" name="org.testng.Priority" time="0.022" errors="0" timestamp="2022-12-31T09:29:38 IST" skipped="0">
  <testcase classname="org.testng.Priority" name="test1" time="0.014"/>
  <system-out/>
  <testcase classname="org.testng.Priority" name="test6" time="0.002"/>
  <system-out/>
  <testcase classname="org.testng.Priority" name="test2" time="0.001"/>
  <system-out/>
  <testcase classname="org.testng.Priority" name="test5" time="0.001"/>
  <system-out/>
  <testcase classname="org.testng.Priority" name="test3" time="0.002"/>
  <system-out/>
  <testcase classname="org.testng.Priority" name="test4" time="0.002"/>
  <system-out/>
</testsuite> <!-- org.testng.Priority -->
